{
  "RSpec": {
    "coverage": {
      "/Users/racheladler/challenges/Scrivn/app/models/user.rb": [
        1,
        1,
        1,
        1,
        1,
        null,
        null,
        null,
        1,
        null,
        null,
        1,
        1,
        null
      ],
      "/Users/racheladler/challenges/Scrivn/app/helpers/application_helper.rb": [
        1,
        null
      ],
      "/Users/racheladler/challenges/Scrivn/app/models/ink.rb": [
        1,
        1,
        1,
        null,
        1,
        1,
        null,
        1,
        null
      ],
      "/Users/racheladler/challenges/Scrivn/app/uploaders/ink_pic_uploader.rb": [
        1,
        1,
        null,
        1,
        0,
        null,
        null
      ],
      "/Users/racheladler/challenges/Scrivn/app/models/user_ink.rb": [
        1,
        1,
        1,
        1,
        1,
        null,
        1,
        1,
        null
      ],
      "/Users/racheladler/challenges/Scrivn/app/controllers/inks_controller.rb": [
        1,
        null,
        null,
        1,
        17,
        null,
        null,
        1,
        4,
        null,
        null,
        1,
        3,
        null,
        3,
        0,
        0,
        null,
        null,
        null,
        1,
        1,
        null,
        1,
        0,
        0,
        null,
        1,
        1,
        1,
        null,
        null,
        null,
        1,
        3,
        3,
        null,
        null,
        1,
        2,
        null,
        2,
        1,
        1,
        null,
        1,
        1,
        1,
        null,
        null,
        null,
        1,
        null,
        1,
        1,
        null,
        null,
        1,
        null,
        1,
        3,
        null,
        null,
        null,
        null
      ],
      "/Users/racheladler/challenges/Scrivn/app/controllers/application_controller.rb": [
        1,
        null,
        null,
        1,
        null,
        1,
        null,
        1,
        null,
        1,
        20,
        null,
        null,
        null,
        null,
        null,
        null,
        20,
        20,
        null,
        null
      ],
      "/Users/racheladler/challenges/Scrivn/app/controllers/users_controller.rb": [
        1,
        1,
        null,
        1,
        2,
        2,
        null,
        null
      ],
      "/Users/racheladler/challenges/Scrivn/app/controllers/admin/users_controller.rb": [
        0,
        0,
        0,
        0,
        0,
        0,
        0,
        0,
        0,
        0,
        0,
        0,
        0,
        0,
        0,
        0,
        0
      ],
      "/Users/racheladler/challenges/Scrivn/app/controllers/user_inks_controller.rb": [
        0,
        0,
        0,
        0,
        0,
        0,
        0,
        0,
        0,
        0,
        0,
        0,
        0,
        0,
        0,
        0,
        0,
        0,
        0,
        0,
        0,
        0,
        0,
        0,
        0,
        0,
        0,
        0,
        0,
        0,
        0,
        0,
        0,
        0,
        0,
        0,
        0,
        0,
        0,
        0,
        0,
        0,
        0,
        0,
        0,
        0,
        0,
        0,
        0,
        0,
        0,
        0,
        0,
        0,
        0,
        0,
        0,
        0,
        0,
        0,
        0,
        0,
        0,
        0,
        0,
        0,
        0,
        0,
        0,
        0,
        0,
        0,
        0,
        0,
        0,
        0,
        0
      ],
      "/Users/racheladler/challenges/Scrivn/app/controllers/welcome_controller.rb": [

      ]
    },
    "timestamp": 1469813169
  }
}
