{
  "RSpec": {
    "coverage": {
      "/Users/racheladler/challenges/Scrivn/app/models/user.rb": [
        1,
        1,
        1,
        1,
        1,
        null,
        1,
        null,
        null,
        1,
        1,
        1,
        null
      ],
      "/Users/racheladler/challenges/Scrivn/app/helpers/application_helper.rb": [
        1,
        null
      ],
      "/Users/racheladler/challenges/Scrivn/app/models/ink.rb": [
        1,
        1,
        1,
        null,
        1,
        1,
        null,
        1,
        null
      ],
      "/Users/racheladler/challenges/Scrivn/app/uploaders/ink_pic_uploader.rb": [
        1,
        1,
        1,
        null,
        0,
        null,
        null,
        1,
        0,
        null,
        null
      ],
      "/Users/racheladler/challenges/Scrivn/app/models/nib.rb": [
        1,
        1,
        null
      ],
      "/Users/racheladler/challenges/Scrivn/app/models/pen.rb": [
        1,
        1,
        1,
        null
      ],
      "/Users/racheladler/challenges/Scrivn/app/models/user_ink.rb": [
        1,
        1,
        1,
        1,
        1,
        null,
        1,
        1,
        null
      ],
      "/Users/racheladler/challenges/Scrivn/app/controllers/inks_controller.rb": [
        1,
        null,
        null,
        1,
        7,
        null,
        null,
        1,
        7,
        null,
        null,
        1,
        3,
        null,
        3,
        0,
        0,
        null,
        null,
        null,
        1,
        2,
        null,
        2,
        1,
        1,
        null,
        1,
        1,
        1,
        null,
        null,
        null,
        1,
        3,
        3,
        null,
        null,
        1,
        2,
        null,
        2,
        1,
        1,
        null,
        1,
        1,
        1,
        null,
        null,
        null,
        1,
        1,
        1,
        null,
        null,
        1,
        null,
        1,
        4,
        null,
        null,
        null,
        null
      ],
      "/Users/racheladler/challenges/Scrivn/app/controllers/application_controller.rb": [
        1,
        null,
        null,
        1,
        null,
        1,
        null,
        1,
        null,
        1,
        32,
        null,
        null,
        null,
        null,
        null,
        null,
        32,
        32,
        null,
        null
      ],
      "/Users/racheladler/challenges/Scrivn/app/controllers/pens_controller.rb": [
        1,
        1,
        null,
        1,
        0,
        null,
        null,
        1,
        0,
        null,
        null,
        1,
        0,
        null,
        0,
        0,
        0,
        null,
        null,
        null,
        1,
        0,
        null,
        0,
        0,
        0,
        null,
        0,
        0,
        0,
        null,
        null,
        null,
        1,
        0,
        null,
        0,
        0,
        0,
        null,
        0,
        0,
        0,
        null,
        null,
        null,
        1,
        0,
        0,
        null,
        null,
        1,
        null,
        1,
        0,
        null,
        null,
        null,
        null,
        null,
        null
      ],
      "/Users/racheladler/challenges/Scrivn/app/controllers/welcome_controller.rb": [
        1,
        1,
        null,
        null
      ],
      "/Users/racheladler/challenges/Scrivn/app/controllers/users_controller.rb": [
        1,
        1,
        null,
        1,
        6,
        6,
        null,
        null
      ],
      "/Users/racheladler/challenges/Scrivn/app/controllers/user_inks_controller.rb": [
        1,
        1,
        null,
        1,
        4,
        4,
        4,
        null,
        null,
        1,
        1,
        1,
        1,
        1,
        1,
        null,
        1,
        1,
        1,
        null,
        0,
        0,
        0,
        null,
        null,
        null,
        1,
        1,
        1,
        1,
        null,
        null,
        1,
        1,
        1,
        1,
        1,
        1,
        1,
        null,
        0,
        0,
        0,
        null,
        null,
        null,
        1,
        1,
        1,
        1,
        1,
        1,
        null,
        null,
        1,
        null,
        1,
        1,
        null,
        null,
        null,
        null,
        null,
        null,
        null,
        null,
        null,
        null,
        null,
        null,
        null,
        null,
        null
      ],
      "/Users/racheladler/challenges/Scrivn/app/controllers/admin/users_controller.rb": [
        0,
        0,
        0,
        0,
        0,
        0,
        0,
        0,
        0
      ],
      "/Users/racheladler/challenges/Scrivn/app/models/welcome.rb": [
        0,
        0,
        0,
        0
      ]
    },
    "timestamp": 1502827883
  }
}
